Dr. Memory version 2.4.0 build 2 built on Aug 31 2021 04:11:37
start time: 3688885:48:04.590 == 13:48:04.590 10/29/2021
Recorded 124 suppression(s) from default C:\Program Files (x86)\Dr. Memory\bin64\suppress-default.txt
Using system call file D:\demo\symcache\syscalls_x64.txt
Syscall mismatch detected.  Running on unknown kernel version!
WARNING: duplicate entry added to name2num_table: WOWCLEANUP
new thread #0 id=11760

module load event: "dynamorio.dll" 0x0000000071000000-0x00000000711bd000 modid: 1 C:\Program Files (x86)\Dr. Memory\dynamorio\lib64\release\dynamorio.dll

module load event: "drmemorylib.dll" 0x00007ff5d33e0000-0x00007ff5d368c000 modid: 2 C:\Program Files (x86)\Dr. Memory\bin64\release\drmemorylib.dll

module load event: "app.exe" 0x00007ff643330000-0x00007ff6433d4000 modid: 3 C:\Users\haolu\OneDrive\Documents\PROGRAM\HK3\Lab8_c\iu7-cprog-labs-2021-truongvanhao\lab_08_16_11\app.exe

module load event: "KERNELBASE.dll" 0x00007ffd82350000-0x00007ffd82619000 modid: 4 C:\Windows\System32\KERNELBASE.dll

module load event: "msvcrt.dll" 0x00007ffd83160000-0x00007ffd831fe000 modid: 5 C:\Windows\System32\msvcrt.dll
WARNING: new/delete has no local wrapper => disabling mismatch detection for msvcrt.dll
WARNING: new/delete has no local wrapper => disabling mismatch detection for msvcrt.dll
WARNING: new == new[] => disabling mismatch detection for msvcrt.dll
WARNING: new/delete has no local wrapper => disabling mismatch detection for msvcrt.dll

module load event: "KERNEL32.dll" 0x00007ffd83210000-0x00007ffd832ce000 modid: 6 C:\Windows\System32\KERNEL32.DLL

module load event: "ntdll.dll" 0x00007ffd84810000-0x00007ffd84a05000 modid: 7 C:\Windows\SYSTEM32\ntdll.dll
WARNING: unable to load symbols for C:\Windows\SYSTEM32\ntdll.dll
WARNING: fail to find call to RtlFreeStringRoutine
WARNING: fail to find call to RtlFreeStringRoutine
WARNING: fail to find call to RtlFreeStringRoutine

Error #1: UNADDRESSABLE ACCESS beyond top of stack: reading 8 byte(s)
# 0 ___chkstk_ms [../../../gcc-10.3.0/libgcc/config/i386/cygwin.S:132] (0x00007ff64333341b <app.exe+0x341b>) modid:3
# 1 _pei386_runtime_relocator [C:/_/M/mingw-w64-crt-git/src/mingw-w64/mingw-w64-crt/crt/pseudo-reloc.c:496] (0x00007ff643332896 <app.exe+0x2896>) modid:3
# 2 __tmainCRTStartup [C:/_/M/mingw-w64-crt-git/src/mingw-w64/mingw-w64-crt/crt/crtexe.c:269] (0x00007ff643331251 <app.exe+0x1251>) modid:3
# 3 .l_start [C:/_/M/mingw-w64-crt-git/src/mingw-w64/mingw-w64-crt/crt/crtexe.c:202] (0x00007ff6433314e6 <app.exe+0x14e6>) modid:3
# 4 KERNEL32.dll!BaseThreadInitThunk (0x00007ffd83227034 <KERNEL32.dll+0x17034>) modid:6
Note: 0x000000d1c0dff620 refers to 776 byte(s) beyond the top of the stack 0x000000d1c0dff928
	error end

Error #2: POSSIBLE LEAK 25 bytes 
# 0 replace_malloc  [d:\a\drmemory\drmemory\common\alloc_replace.c:2580] (0x00007ff5d3407f00 <drmemorylib.dll+0x27f00>) modid:2
# 1 msvcrt.dll!malloc_crt (0x00007ffd83179f44 <msvcrt.dll+0x19f44>) modid:5
# 2 msvcrt.dll!_setargv   (0x00007ffd8319b68d <msvcrt.dll+0x3b68d>) modid:5
# 3 msvcrt.dll!_getmainargs (0x00007ffd83167a01 <msvcrt.dll+0x7a01>) modid:5
# 4 pre_cpp_init [C:/_/M/mingw-w64-crt-git/src/mingw-w64/mingw-w64-crt/crt/crtexe.c:161] (0x00007ff643331173 <app.exe+0x1173>) modid:3
# 5 msvcrt.dll!initterm   (0x00007ffd8319a553 <msvcrt.dll+0x3a553>) modid:5
# 6 __tmainCRTStartup [C:/_/M/mingw-w64-crt-git/src/mingw-w64/mingw-w64-crt/crt/crtexe.c:259] (0x00007ff643331437 <app.exe+0x1437>) modid:3
# 7 .l_start [C:/_/M/mingw-w64-crt-git/src/mingw-w64/mingw-w64-crt/crt/crtexe.c:202] (0x00007ff6433314e6 <app.exe+0x14e6>) modid:3
# 8 KERNEL32.dll!BaseThreadInitThunk (0x00007ffd83227034 <KERNEL32.dll+0x17034>) modid:6
	error end

DUPLICATE ERROR COUNTS:
	Error #   1:      2

SUPPRESSIONS USED:

ERRORS FOUND:
      1 unique,     2 total unaddressable access(es)
      0 unique,     0 total uninitialized access(es)
      0 unique,     0 total invalid heap argument(s)
      0 unique,     0 total GDI usage error(s)
      0 unique,     0 total handle leak(s)
      0 unique,     0 total warning(s)
      0 unique,     0 total,      0 byte(s) of leak(s)
      1 unique,     1 total,     25 byte(s) of possible leak(s)
Details: D:\demo\DrMemory-app.exe.10352.000\results.txt

DUPLICATE POTENTIAL ERROR COUNTS:

POTENTIAL ERRORS FOUND:
      0 unique,     0 total potential unaddressable access(es)
      0 unique,     0 total potential uninitialized access(es)
      0 unique,     0 total potential invalid heap argument(s)
      0 unique,     0 total potential GDI usage error(s)
      0 unique,     0 total potential handle leak(s)
      0 unique,     0 total potential warning(s)
      0 unique,     0 total,      0 byte(s) of potential leak(s)
      0 unique,     0 total,      0 byte(s) of potential possible leak(s)
Details: D:\demo\DrMemory-app.exe.10352.000\potential_errors.txt
Exiting @0:00:00.352 in thread 11760
LOG END
