Dr. Memory version 2.4.0 build 2 built on Aug 31 2021 04:11:37
start time: 3689254:31:42.755 == 22:31:42.755 11/13/2021
Recorded 124 suppression(s) from default C:\Program Files (x86)\Dr. Memory\bin64\suppress-default.txt
Using system call file D:\demo\symcache\syscalls_x64.txt
Syscall mismatch detected.  Running on unknown kernel version!
WARNING: duplicate entry added to name2num_table: WOWCLEANUP
new thread #0 id=2720

module load event: "dynamorio.dll" 0x0000000071000000-0x00000000711bd000 modid: 1 C:\Program Files (x86)\Dr. Memory\dynamorio\lib64\release\dynamorio.dll

module load event: "drmemorylib.dll" 0x00007ff5d3880000-0x00007ff5d3b2c000 modid: 2 C:\Program Files (x86)\Dr. Memory\bin64\release\drmemorylib.dll

module load event: "app.exe" 0x00007ff6437e0000-0x00007ff643878000 modid: 3 C:\Users\haolu\OneDrive\Documents\PROGRAM\HK3\Lab9_c\lab_09_01_02\app.exe

module load event: "KERNELBASE.dll" 0x00007ffcb3c60000-0x00007ffcb3f28000 modid: 4 C:\Windows\System32\KERNELBASE.dll
WARNING: unable to load symbols for C:\Windows\System32\KERNELBASE.dll

module load event: "KERNEL32.dll" 0x00007ffcb43c0000-0x00007ffcb447e000 modid: 5 C:\Windows\System32\KERNEL32.DLL
WARNING: unable to load symbols for C:\Windows\System32\KERNEL32.DLL

module load event: "msvcrt.dll" 0x00007ffcb4c30000-0x00007ffcb4cce000 modid: 6 C:\Windows\System32\msvcrt.dll
WARNING: new/delete has no local wrapper => disabling mismatch detection for msvcrt.dll
WARNING: new/delete has no local wrapper => disabling mismatch detection for msvcrt.dll
WARNING: new == new[] => disabling mismatch detection for msvcrt.dll
WARNING: new/delete has no local wrapper => disabling mismatch detection for msvcrt.dll

module load event: "ntdll.dll" 0x00007ffcb6270000-0x00007ffcb6465000 modid: 7 C:\Windows\SYSTEM32\ntdll.dll
WARNING: fail to find call to RtlFreeStringRoutine
WARNING: fail to find call to RtlFreeStringRoutine
WARNING: fail to find call to RtlFreeStringRoutine

Error #1: UNADDRESSABLE ACCESS beyond top of stack: reading 8 byte(s)
# 0 .text   [../../../gcc-10.3.0/libgcc/config/i386/cygwin.S:132] (0x00007ff6437e2fdb <app.exe+0x2fdb>) modid:3
# 1 _pei386_runtime_relocator [C:/_/M/mingw-w64-crt-git/src/mingw-w64/mingw-w64-crt/crt/pseudo-reloc.c:496] (0x00007ff6437e2456 <app.exe+0x2456>) modid:3
# 2 __tmainCRTStartup [C:/_/M/mingw-w64-crt-git/src/mingw-w64/mingw-w64-crt/crt/crtexe.c:269] (0x00007ff6437e1251 <app.exe+0x1251>) modid:3
# 3 .l_start [C:/_/M/mingw-w64-crt-git/src/mingw-w64/mingw-w64-crt/crt/crtexe.c:202] (0x00007ff6437e14e6 <app.exe+0x14e6>) modid:3
# 4 KERNEL32.dll!BaseThreadInitThunk (0x00007ffcb43d7034 <KERNEL32.dll+0x17034>) modid:5
Note: 0x0000008583bff550 refers to 776 byte(s) beyond the top of the stack 0x0000008583bff858
	error end

Error #2: UNADDRESSABLE ACCESS beyond top of stack: reading 8 byte(s)
# 0 .text   [../../../gcc-10.3.0/libgcc/config/i386/cygwin.S:126] (0x00007ff6437e2fc6 <app.exe+0x2fc6>) modid:3
# 1 __mingw_vfscanf [C:/_/M/mingw-w64-crt-git/src/mingw-w64/mingw-w64-crt/stdio/mingw_vfscanf.c:1616] (0x00007ff6437e6b3b <app.exe+0x6b3b>) modid:3
# 2 fscanf  [C:/msys64/mingw64/x86_64-w64-mingw32/include/stdio.h:316] (0x00007ff6437e17c7 <app.exe+0x17c7>) modid:3
# 3 read_file [io.c:32] (0x00007ff6437e1977 <app.exe+0x1977>) modid:3
# 4 count_things [func.c:11] (0x00007ff6437e1cc2 <app.exe+0x1cc2>) modid:3
# 5 main    [main.c:23] (0x00007ff6437e1674 <app.exe+0x1674>) modid:3
Note: 0x0000008583bfe760 refers to 4072 byte(s) beyond the top of the stack 0x0000008583bff748
	error end

Error #3: UNADDRESSABLE ACCESS beyond top of stack: reading 8 byte(s)
# 0 .text   [../../../gcc-10.3.0/libgcc/config/i386/cygwin.S:132] (0x00007ff6437e2fdb <app.exe+0x2fdb>) modid:3
# 1 __mingw_vfscanf [C:/_/M/mingw-w64-crt-git/src/mingw-w64/mingw-w64-crt/stdio/mingw_vfscanf.c:1616] (0x00007ff6437e6b3b <app.exe+0x6b3b>) modid:3
# 2 fscanf  [C:/msys64/mingw64/x86_64-w64-mingw32/include/stdio.h:316] (0x00007ff6437e17c7 <app.exe+0x17c7>) modid:3
# 3 read_file [io.c:32] (0x00007ff6437e1977 <app.exe+0x1977>) modid:3
# 4 count_things [func.c:11] (0x00007ff6437e1cc2 <app.exe+0x1cc2>) modid:3
# 5 main    [main.c:23] (0x00007ff6437e1674 <app.exe+0x1674>) modid:3
Note: 0x0000008583bfe720 refers to 4136 byte(s) beyond the top of the stack 0x0000008583bff748
	error end

Error #4: UNADDRESSABLE ACCESS beyond top of stack: reading 8 byte(s)
# 0 .text   [../../../gcc-10.3.0/libgcc/config/i386/cygwin.S:126] (0x00007ff6437e2fc6 <app.exe+0x2fc6>) modid:3
# 1 __mingw_vfscanf [C:/_/M/mingw-w64-crt-git/src/mingw-w64/mingw-w64-crt/stdio/mingw_vfscanf.c:1616] (0x00007ff6437e6b3b <app.exe+0x6b3b>) modid:3
# 2 fscanf  [C:/msys64/mingw64/x86_64-w64-mingw32/include/stdio.h:316] (0x00007ff6437e17c7 <app.exe+0x17c7>) modid:3
# 3 read_file [io.c:39] (0x00007ff6437e19c6 <app.exe+0x19c6>) modid:3
# 4 count_things [func.c:11] (0x00007ff6437e1cc2 <app.exe+0x1cc2>) modid:3
# 5 main    [main.c:23] (0x00007ff6437e1674 <app.exe+0x1674>) modid:3
Note: 0x0000008583bfe760 refers to 4072 byte(s) beyond the top of the stack 0x0000008583bff748
	error end

Error #5: UNADDRESSABLE ACCESS beyond top of stack: reading 8 byte(s)
# 0 .text   [../../../gcc-10.3.0/libgcc/config/i386/cygwin.S:132] (0x00007ff6437e2fdb <app.exe+0x2fdb>) modid:3
# 1 __mingw_vfscanf [C:/_/M/mingw-w64-crt-git/src/mingw-w64/mingw-w64-crt/stdio/mingw_vfscanf.c:1616] (0x00007ff6437e6b3b <app.exe+0x6b3b>) modid:3
# 2 fscanf  [C:/msys64/mingw64/x86_64-w64-mingw32/include/stdio.h:316] (0x00007ff6437e17c7 <app.exe+0x17c7>) modid:3
# 3 read_file [io.c:39] (0x00007ff6437e19c6 <app.exe+0x19c6>) modid:3
# 4 count_things [func.c:11] (0x00007ff6437e1cc2 <app.exe+0x1cc2>) modid:3
# 5 main    [main.c:23] (0x00007ff6437e1674 <app.exe+0x1674>) modid:3
Note: 0x0000008583bfe720 refers to 4136 byte(s) beyond the top of the stack 0x0000008583bff748
	error end

Error #6: UNADDRESSABLE ACCESS beyond top of stack: reading 8 byte(s)
# 0 .text   [../../../gcc-10.3.0/libgcc/config/i386/cygwin.S:126] (0x00007ff6437e2fc6 <app.exe+0x2fc6>) modid:3
# 1 __mingw_vfscanf [C:/_/M/mingw-w64-crt-git/src/mingw-w64/mingw-w64-crt/stdio/mingw_vfscanf.c:1616] (0x00007ff6437e6b3b <app.exe+0x6b3b>) modid:3
# 2 fscanf  [C:/msys64/mingw64/x86_64-w64-mingw32/include/stdio.h:316] (0x00007ff6437e17c7 <app.exe+0x17c7>) modid:3
# 3 read_file [io.c:32] (0x00007ff6437e1977 <app.exe+0x1977>) modid:3
# 4 read_all_things [func.c:30] (0x00007ff6437e1d67 <app.exe+0x1d67>) modid:3
# 5 main    [main.c:39] (0x00007ff6437e16f2 <app.exe+0x16f2>) modid:3
Note: 0x0000008583bfe760 refers to 4072 byte(s) beyond the top of the stack 0x0000008583bff748
	error end

Error #7: UNADDRESSABLE ACCESS beyond top of stack: reading 8 byte(s)
# 0 .text   [../../../gcc-10.3.0/libgcc/config/i386/cygwin.S:132] (0x00007ff6437e2fdb <app.exe+0x2fdb>) modid:3
# 1 __mingw_vfscanf [C:/_/M/mingw-w64-crt-git/src/mingw-w64/mingw-w64-crt/stdio/mingw_vfscanf.c:1616] (0x00007ff6437e6b3b <app.exe+0x6b3b>) modid:3
# 2 fscanf  [C:/msys64/mingw64/x86_64-w64-mingw32/include/stdio.h:316] (0x00007ff6437e17c7 <app.exe+0x17c7>) modid:3
# 3 read_file [io.c:32] (0x00007ff6437e1977 <app.exe+0x1977>) modid:3
# 4 read_all_things [func.c:30] (0x00007ff6437e1d67 <app.exe+0x1d67>) modid:3
# 5 main    [main.c:39] (0x00007ff6437e16f2 <app.exe+0x16f2>) modid:3
Note: 0x0000008583bfe720 refers to 4136 byte(s) beyond the top of the stack 0x0000008583bff748
	error end

Error #8: UNADDRESSABLE ACCESS beyond top of stack: reading 8 byte(s)
# 0 .text   [../../../gcc-10.3.0/libgcc/config/i386/cygwin.S:126] (0x00007ff6437e2fc6 <app.exe+0x2fc6>) modid:3
# 1 __mingw_vfscanf [C:/_/M/mingw-w64-crt-git/src/mingw-w64/mingw-w64-crt/stdio/mingw_vfscanf.c:1616] (0x00007ff6437e6b3b <app.exe+0x6b3b>) modid:3
# 2 fscanf  [C:/msys64/mingw64/x86_64-w64-mingw32/include/stdio.h:316] (0x00007ff6437e17c7 <app.exe+0x17c7>) modid:3
# 3 read_file [io.c:39] (0x00007ff6437e19c6 <app.exe+0x19c6>) modid:3
# 4 read_all_things [func.c:30] (0x00007ff6437e1d67 <app.exe+0x1d67>) modid:3
# 5 main    [main.c:39] (0x00007ff6437e16f2 <app.exe+0x16f2>) modid:3
Note: 0x0000008583bfe760 refers to 4072 byte(s) beyond the top of the stack 0x0000008583bff748
	error end

Error #9: UNADDRESSABLE ACCESS beyond top of stack: reading 8 byte(s)
# 0 .text   [../../../gcc-10.3.0/libgcc/config/i386/cygwin.S:132] (0x00007ff6437e2fdb <app.exe+0x2fdb>) modid:3
# 1 __mingw_vfscanf [C:/_/M/mingw-w64-crt-git/src/mingw-w64/mingw-w64-crt/stdio/mingw_vfscanf.c:1616] (0x00007ff6437e6b3b <app.exe+0x6b3b>) modid:3
# 2 fscanf  [C:/msys64/mingw64/x86_64-w64-mingw32/include/stdio.h:316] (0x00007ff6437e17c7 <app.exe+0x17c7>) modid:3
# 3 read_file [io.c:39] (0x00007ff6437e19c6 <app.exe+0x19c6>) modid:3
# 4 read_all_things [func.c:30] (0x00007ff6437e1d67 <app.exe+0x1d67>) modid:3
# 5 main    [main.c:39] (0x00007ff6437e16f2 <app.exe+0x16f2>) modid:3
Note: 0x0000008583bfe720 refers to 4136 byte(s) beyond the top of the stack 0x0000008583bff748
	error end

Error #10: POSSIBLE LEAK 40 bytes 
# 0 replace_malloc  [d:\a\drmemory\drmemory\common\alloc_replace.c:2580] (0x00007ff5d38a7f00 <drmemorylib.dll+0x27f00>) modid:2
# 1 msvcrt.dll!malloc_crt (0x00007ffcb4c49f44 <msvcrt.dll+0x19f44>) modid:6
# 2 msvcrt.dll!_setargv   (0x00007ffcb4c6b68d <msvcrt.dll+0x3b68d>) modid:6
# 3 msvcrt.dll!_getmainargs (0x00007ffcb4c37a01 <msvcrt.dll+0x7a01>) modid:6
# 4 pre_cpp_init [C:/_/M/mingw-w64-crt-git/src/mingw-w64/mingw-w64-crt/crt/crtexe.c:161] (0x00007ff6437e1173 <app.exe+0x1173>) modid:3
# 5 msvcrt.dll!initterm   (0x00007ffcb4c6a553 <msvcrt.dll+0x3a553>) modid:6
# 6 __tmainCRTStartup [C:/_/M/mingw-w64-crt-git/src/mingw-w64/mingw-w64-crt/crt/crtexe.c:259] (0x00007ff6437e1437 <app.exe+0x1437>) modid:3
# 7 .l_start [C:/_/M/mingw-w64-crt-git/src/mingw-w64/mingw-w64-crt/crt/crtexe.c:202] (0x00007ff6437e14e6 <app.exe+0x14e6>) modid:3
# 8 KERNEL32.dll!BaseThreadInitThunk (0x00007ffcb43d7034 <KERNEL32.dll+0x17034>) modid:5
	error end

Error #11: LEAK 32 direct bytes + 4 indirect bytes
# 0 replace_malloc  [d:\a\drmemory\drmemory\common\alloc_replace.c:2580] (0x00007ff5d38a7f00 <drmemorylib.dll+0x27f00>) modid:2
# 1 sorted_stuff [func.c:43] (0x00007ff6437e1df4 <app.exe+0x1df4>) modid:3
# 2 main    [main.c:42] (0x00007ff6437e1707 <app.exe+0x1707>) modid:3
	error end

DUPLICATE ERROR COUNTS:
	Error #   1:      2
	Error #   2:      6
	Error #   3:      6
	Error #   4:      6
	Error #   5:      6
	Error #   6:      6
	Error #   7:      6
	Error #   8:      6
	Error #   9:      6

SUPPRESSIONS USED:

ERRORS FOUND:
      9 unique,    50 total unaddressable access(es)
      0 unique,     0 total uninitialized access(es)
      0 unique,     0 total invalid heap argument(s)
      0 unique,     0 total GDI usage error(s)
      0 unique,     0 total handle leak(s)
      0 unique,     0 total warning(s)
      1 unique,     1 total,     36 byte(s) of leak(s)
      1 unique,     1 total,     40 byte(s) of possible leak(s)
Details: D:\demo\DrMemory-app.exe.8224.000\results.txt

DUPLICATE POTENTIAL ERROR COUNTS:

POTENTIAL ERRORS FOUND:
      0 unique,     0 total potential unaddressable access(es)
      0 unique,     0 total potential uninitialized access(es)
      0 unique,     0 total potential invalid heap argument(s)
      0 unique,     0 total potential GDI usage error(s)
      0 unique,     0 total potential handle leak(s)
      0 unique,     0 total potential warning(s)
      0 unique,     0 total,      0 byte(s) of potential leak(s)
      0 unique,     0 total,      0 byte(s) of potential possible leak(s)
Details: D:\demo\DrMemory-app.exe.8224.000\potential_errors.txt
Exiting @0:00:00.626 in thread 2720
LOG END
